# JRE version: OpenJDK Runtime Environment (8.0_242-b01) (build 1.8.0_242-release-1644-b01)
# Java VM: OpenJDK 64-Bit Server VM (25.242-b01 mixed mode windows-amd64 compressed oops)
Heap:
 PSYoungGen      total 509440K, used 303332K [0x00000000d5580000, 0x0000000100000000, 0x0000000100000000)
  eden space 439808K, 68% used [0x00000000d5580000,0x00000000e7db93b8,0x00000000f0300000)
  from space 69632K, 0% used [0x00000000fbc00000,0x00000000fbc00000,0x0000000100000000)
  to   space 129536K, 0% used [0x00000000f0300000,0x00000000f0300000,0x00000000f8180000)
 ParOldGen       total 254464K, used 202946K [0x0000000080000000, 0x000000008f880000, 0x00000000d5580000)
  object space 254464K, 79% used [0x0000000080000000,0x000000008c630838,0x000000008f880000)
 Metaspace       used 164659K, capacity 174680K, committed 187048K, reserved 1212416K
  class space    used 20169K, capacity 21847K, committed 23720K, reserved 1048576K
GC Heap History (10 events):
Event: 21765.478 GC heap before
{Heap before GC invocations=158 (full 13):
 PSYoungGen      total 630272K, used 600182K [0x00000000d5580000, 0x00000000fee80000, 0x0000000100000000)
  eden space 585728K, 99% used [0x00000000d5580000,0x00000000f90d72f8,0x00000000f9180000)
  from space 44544K, 33% used [0x00000000fc300000,0x00000000fd1c68e0,0x00000000fee80000)
  to   space 47616K, 0% used [0x00000000f9180000,0x00000000f9180000,0x00000000fc000000)
 ParOldGen       total 254464K, used 107477K [0x0000000080000000, 0x000000008f880000, 0x00000000d5580000)
  object space 254464K, 42% used [0x0000000080000000,0x00000000868f57d8,0x000000008f880000)
 Metaspace       used 131276K, capacity 142708K, committed 142888K, reserved 1173504K
  class space    used 16037K, capacity 18170K, committed 18216K, reserved 1048576K
Event: 21767.379 GC heap after
Heap after GC invocations=158 (full 13):
 PSYoungGen      total 633344K, used 47590K [0x00000000d5580000, 0x0000000100000000, 0x0000000100000000)
  eden space 585728K, 0% used [0x00000000d5580000,0x00000000d5580000,0x00000000f9180000)
  from space 47616K, 99% used [0x00000000f9180000,0x00000000fbff98f8,0x00000000fc000000)
  to   space 57344K, 0% used [0x00000000fc800000,0x00000000fc800000,0x0000000100000000)
 ParOldGen       total 254464K, used 116387K [0x0000000080000000, 0x000000008f880000, 0x00000000d5580000)
  object space 254464K, 45% used [0x0000000080000000,0x00000000871a8c50,0x000000008f880000)
 Metaspace       used 131276K, capacity 142708K, committed 142888K, reserved 1173504K
  class space    used 16037K, capacity 18170K, committed 18216K, reserved 1048576K
}
Event: 21801.430 GC heap before
{Heap before GC invocations=159 (full 13):
 PSYoungGen      total 633344K, used 633318K [0x00000000d5580000, 0x0000000100000000, 0x0000000100000000)
  eden space 585728K, 100% used [0x00000000d5580000,0x00000000f9180000,0x00000000f9180000)
  from space 47616K, 99% used [0x00000000f9180000,0x00000000fbff98f8,0x00000000fc000000)
  to   space 57344K, 0% used [0x00000000fc800000,0x00000000fc800000,0x0000000100000000)
 ParOldGen       total 254464K, used 116387K [0x0000000080000000, 0x000000008f880000, 0x00000000d5580000)
  object space 254464K, 45% used [0x0000000080000000,0x00000000871a8c50,0x000000008f880000)
 Metaspace       used 131544K, capacity 143024K, committed 143144K, reserved 1173504K
  class space    used 16059K, capacity 18210K, committed 18216K, reserved 1048576K
Event: 21802.609 GC heap after
Heap after GC invocations=159 (full 13):
 PSYoungGen      total 616960K, used 57312K [0x00000000d5580000, 0x0000000100000000, 0x0000000100000000)
  eden space 559616K, 0% used [0x00000000d5580000,0x00000000d5580000,0x00000000f7800000)
  from space 57344K, 99% used [0x00000000fc800000,0x00000000ffff8058,0x0000000100000000)
  to   space 69632K, 0% used [0x00000000f7800000,0x00000000f7800000,0x00000000fbc00000)
 ParOldGen       total 254464K, used 127195K [0x0000000080000000, 0x000000008f880000, 0x00000000d5580000)
  object space 254464K, 49% used [0x0000000080000000,0x0000000087c36d30,0x000000008f880000)
 Metaspace       used 131544K, capacity 143024K, committed 143144K, reserved 1173504K
  class space    used 16059K, capacity 18210K, committed 18216K, reserved 1048576K
}
Event: 21829.837 GC heap before
{Heap before GC invocations=160 (full 13):
 PSYoungGen      total 616960K, used 616928K [0x00000000d5580000, 0x0000000100000000, 0x0000000100000000)
  eden space 559616K, 100% used [0x00000000d5580000,0x00000000f7800000,0x00000000f7800000)
  from space 57344K, 99% used [0x00000000fc800000,0x00000000ffff8058,0x0000000100000000)
  to   space 69632K, 0% used [0x00000000f7800000,0x00000000f7800000,0x00000000fbc00000)
 ParOldGen       total 254464K, used 127195K [0x0000000080000000, 0x000000008f880000, 0x00000000d5580000)
  object space 254464K, 49% used [0x0000000080000000,0x0000000087c36d30,0x000000008f880000)
 Metaspace       used 170516K, capacity 183208K, committed 183336K, reserved 1210368K
  class space    used 20906K, capacity 23288K, committed 23336K, reserved 1048576K
Event: 21832.006 GC heap after
Heap after GC invocations=160 (full 13):
 PSYoungGen      total 629248K, used 69630K [0x00000000d5580000, 0x0000000100000000, 0x0000000100000000)
  eden space 559616K, 0% used [0x00000000d5580000,0x00000000d5580000,0x00000000f7800000)
  from space 69632K, 99% used [0x00000000f7800000,0x00000000fbbff908,0x00000000fbc00000)
  to   space 69632K, 0% used [0x00000000fbc00000,0x00000000fbc00000,0x0000000100000000)
 ParOldGen       total 254464K, used 198889K [0x0000000080000000, 0x000000008f880000, 0x00000000d5580000)
  object space 254464K, 78% used [0x0000000080000000,0x000000008c23a568,0x000000008f880000)
 Metaspace       used 170516K, capacity 183208K, committed 183336K, reserved 1210368K
  class space    used 20906K, capacity 23288K, committed 23336K, reserved 1048576K
}
Event: 21870.500 GC heap before
{Heap before GC invocations=161 (full 13):
 PSYoungGen      total 629248K, used 629246K [0x00000000d5580000, 0x0000000100000000, 0x0000000100000000)
  eden space 559616K, 100% used [0x00000000d5580000,0x00000000f7800000,0x00000000f7800000)
  from space 69632K, 99% used [0x00000000f7800000,0x00000000fbbff908,0x00000000fbc00000)
  to   space 69632K, 0% used [0x00000000fbc00000,0x00000000fbc00000,0x0000000100000000)
 ParOldGen       total 254464K, used 198889K [0x0000000080000000, 0x000000008f880000, 0x00000000d5580000)
  object space 254464K, 78% used [0x0000000080000000,0x000000008c23a568,0x000000008f880000)
 Metaspace       used 174177K, capacity 186842K, committed 187048K, reserved 1212416K
  class space    used 21263K, capacity 23646K, committed 23720K, reserved 1048576K
Event: 21873.329 GC heap after
Heap after GC invocations=161 (full 13):
 PSYoungGen      total 509440K, used 69608K [0x00000000d5580000, 0x0000000100000000, 0x0000000100000000)
  eden space 439808K, 0% used [0x00000000d5580000,0x00000000d5580000,0x00000000f0300000)
  from space 69632K, 99% used [0x00000000fbc00000,0x00000000ffffa2b0,0x0000000100000000)
  to   space 129536K, 0% used [0x00000000f0300000,0x00000000f0300000,0x00000000f8180000)
 ParOldGen       total 254464K, used 250495K [0x0000000080000000, 0x000000008f880000, 0x00000000d5580000)
  object space 254464K, 98% used [0x0000000080000000,0x000000008f49fdc8,0x000000008f880000)
 Metaspace       used 174177K, capacity 186842K, committed 187048K, reserved 1212416K
  class space    used 21263K, capacity 23646K, committed 23720K, reserved 1048576K
}
Event: 21873.329 GC heap before
{Heap before GC invocations=162 (full 14):
 PSYoungGen      total 509440K, used 69608K [0x00000000d5580000, 0x0000000100000000, 0x0000000100000000)
  eden space 439808K, 0% used [0x00000000d5580000,0x00000000d5580000,0x00000000f0300000)
  from space 69632K, 99% used [0x00000000fbc00000,0x00000000ffffa2b0,0x0000000100000000)
  to   space 129536K, 0% used [0x00000000f0300000,0x00000000f0300000,0x00000000f8180000)
 ParOldGen       total 254464K, used 250495K [0x0000000080000000, 0x000000008f880000, 0x00000000d5580000)
  object space 254464K, 98% used [0x0000000080000000,0x000000008f49fdc8,0x000000008f880000)
 Metaspace       used 174177K, capacity 186842K, committed 187048K, reserved 1212416K
  class space    used 21263K, capacity 23646K, committed 23720K, reserved 1048576K
Event: 21880.580 GC heap after
Heap after GC invocations=162 (full 14):
 PSYoungGen      total 509440K, used 0K [0x00000000d5580000, 0x0000000100000000, 0x0000000100000000)
  eden space 439808K, 0% used [0x00000000d5580000,0x00000000d5580000,0x00000000f0300000)
  from space 69632K, 0% used [0x00000000fbc00000,0x00000000fbc00000,0x0000000100000000)
  to   space 129536K, 0% used [0x00000000f0300000,0x00000000f0300000,0x00000000f8180000)
 ParOldGen       total 254464K, used 202946K [0x0000000080000000, 0x000000008f880000, 0x00000000d5580000)
  object space 254464K, 79% used [0x0000000080000000,0x000000008c630838,0x000000008f880000)
 Metaspace       used 164657K, capacity 174678K, committed 187048K, reserved 1212416K
  class space    used 20168K, capacity 21846K, committed 23720K, reserved 1048576K
}

