# JRE version: OpenJDK Runtime Environment (8.0_242-b01) (build 1.8.0_242-release-1644-b01)
# Java VM: OpenJDK 64-Bit Server VM (25.242-b01 mixed mode windows-amd64 compressed oops)
Heap:
 PSYoungGen      total 520704K, used 520573K [0x00000000d5580000, 0x0000000100000000, 0x0000000100000000)
  eden space 393728K, 100% used [0x00000000d5580000,0x00000000ed600000,0x00000000ed600000)
  from space 126976K, 99% used [0x00000000ed600000,0x00000000f51df758,0x00000000f5200000)
  to   space 166912K, 25% used [0x00000000f5d00000,0x00000000f8608ab0,0x0000000100000000)
 ParOldGen       total 422912K, used 422906K [0x0000000080000000, 0x0000000099d00000, 0x00000000d5580000)
  object space 422912K, 99% used [0x0000000080000000,0x0000000099cfebe8,0x0000000099d00000)
 Metaspace       used 165512K, capacity 175822K, committed 175912K, reserved 1202176K
  class space    used 20634K, capacity 22507K, committed 22568K, reserved 1048576K
GC Heap History (10 events):
Event: 17709.906 GC heap after
Heap after GC invocations=107 (full 10):
 PSYoungGen      total 540672K, used 71223K [0x00000000d5580000, 0x0000000100000000, 0x0000000100000000)
  eden space 398848K, 0% used [0x00000000d5580000,0x00000000d5580000,0x00000000edb00000)
  from space 141824K, 50% used [0x00000000edb00000,0x00000000f208df58,0x00000000f6580000)
  to   space 138240K, 0% used [0x00000000f7900000,0x00000000f7900000,0x0000000100000000)
 ParOldGen       total 397824K, used 286334K [0x0000000080000000, 0x0000000098480000, 0x00000000d5580000)
  object space 397824K, 71% used [0x0000000080000000,0x000000009179f970,0x0000000098480000)
 Metaspace       used 155156K, capacity 165318K, committed 165800K, reserved 1193984K
  class space    used 19643K, capacity 21479K, committed 21672K, reserved 1048576K
}
Event: 17744.552 GC heap before
{Heap before GC invocations=108 (full 10):
 PSYoungGen      total 540672K, used 470071K [0x00000000d5580000, 0x0000000100000000, 0x0000000100000000)
  eden space 398848K, 100% used [0x00000000d5580000,0x00000000edb00000,0x00000000edb00000)
  from space 141824K, 50% used [0x00000000edb00000,0x00000000f208df58,0x00000000f6580000)
  to   space 138240K, 0% used [0x00000000f7900000,0x00000000f7900000,0x0000000100000000)
 ParOldGen       total 397824K, used 286334K [0x0000000080000000, 0x0000000098480000, 0x00000000d5580000)
  object space 397824K, 71% used [0x0000000080000000,0x000000009179f970,0x0000000098480000)
 Metaspace       used 163383K, capacity 173540K, committed 173992K, reserved 1200128K
  class space    used 20427K, capacity 22280K, committed 22440K, reserved 1048576K
Event: 17744.757 GC heap after
Heap after GC invocations=108 (full 10):
 PSYoungGen      total 544256K, used 41553K [0x00000000d5580000, 0x00000000ff380000, 0x0000000100000000)
  eden space 418816K, 0% used [0x00000000d5580000,0x00000000d5580000,0x00000000eee80000)
  from space 125440K, 33% used [0x00000000f7900000,0x00000000fa194768,0x00000000ff380000)
  to   space 133632K, 0% used [0x00000000eee80000,0x00000000eee80000,0x00000000f7100000)
 ParOldGen       total 397824K, used 308473K [0x0000000080000000, 0x0000000098480000, 0x00000000d5580000)
  object space 397824K, 77% used [0x0000000080000000,0x0000000092d3e450,0x0000000098480000)
 Metaspace       used 163383K, capacity 173540K, committed 173992K, reserved 1200128K
  class space    used 20427K, capacity 22280K, committed 22440K, reserved 1048576K
}
Event: 17754.188 GC heap before
{Heap before GC invocations=109 (full 10):
 PSYoungGen      total 544256K, used 460369K [0x00000000d5580000, 0x00000000ff380000, 0x0000000100000000)
  eden space 418816K, 100% used [0x00000000d5580000,0x00000000eee80000,0x00000000eee80000)
  from space 125440K, 33% used [0x00000000f7900000,0x00000000fa194768,0x00000000ff380000)
  to   space 133632K, 0% used [0x00000000eee80000,0x00000000eee80000,0x00000000f7100000)
 ParOldGen       total 397824K, used 308473K [0x0000000080000000, 0x0000000098480000, 0x00000000d5580000)
  object space 397824K, 77% used [0x0000000080000000,0x0000000092d3e450,0x0000000098480000)
 Metaspace       used 163876K, capacity 174108K, committed 174504K, reserved 1202176K
  class space    used 20463K, capacity 22326K, committed 22440K, reserved 1048576K
Event: 17754.253 GC heap after
Heap after GC invocations=109 (full 10):
 PSYoungGen      total 552448K, used 32871K [0x00000000d5580000, 0x0000000100000000, 0x0000000100000000)
  eden space 418816K, 0% used [0x00000000d5580000,0x00000000d5580000,0x00000000eee80000)
  from space 133632K, 24% used [0x00000000eee80000,0x00000000f0e99d98,0x00000000f7100000)
  to   space 130560K, 0% used [0x00000000f8080000,0x00000000f8080000,0x0000000100000000)
 ParOldGen       total 397824K, used 308497K [0x0000000080000000, 0x0000000098480000, 0x00000000d5580000)
  object space 397824K, 77% used [0x0000000080000000,0x0000000092d44450,0x0000000098480000)
 Metaspace       used 163876K, capacity 174108K, committed 174504K, reserved 1202176K
  class space    used 20463K, capacity 22326K, committed 22440K, reserved 1048576K
}
Event: 17756.140 GC heap before
{Heap before GC invocations=110 (full 10):
 PSYoungGen      total 552448K, used 451687K [0x00000000d5580000, 0x0000000100000000, 0x0000000100000000)
  eden space 418816K, 100% used [0x00000000d5580000,0x00000000eee80000,0x00000000eee80000)
  from space 133632K, 24% used [0x00000000eee80000,0x00000000f0e99d98,0x00000000f7100000)
  to   space 130560K, 0% used [0x00000000f8080000,0x00000000f8080000,0x0000000100000000)
 ParOldGen       total 397824K, used 308497K [0x0000000080000000, 0x0000000098480000, 0x00000000d5580000)
  object space 397824K, 77% used [0x0000000080000000,0x0000000092d44450,0x0000000098480000)
 Metaspace       used 165065K, capacity 175324K, committed 175656K, reserved 1202176K
  class space    used 20585K, capacity 22454K, committed 22568K, reserved 1048576K
Event: 17756.780 GC heap after
Heap after GC invocations=110 (full 10):
 PSYoungGen      total 524288K, used 130547K [0x00000000d5580000, 0x0000000100000000, 0x0000000100000000)
  eden space 393728K, 0% used [0x00000000d5580000,0x00000000d5580000,0x00000000ed600000)
  from space 130560K, 99% used [0x00000000f8080000,0x00000000ffffcc90,0x0000000100000000)
  to   space 152576K, 0% used [0x00000000ed600000,0x00000000ed600000,0x00000000f6b00000)
 ParOldGen       total 397824K, used 313120K [0x0000000080000000, 0x0000000098480000, 0x00000000d5580000)
  object space 397824K, 78% used [0x0000000080000000,0x00000000931c81e0,0x0000000098480000)
 Metaspace       used 165065K, capacity 175324K, committed 175656K, reserved 1202176K
  class space    used 20585K, capacity 22454K, committed 22568K, reserved 1048576K
}
Event: 17757.742 GC heap before
{Heap before GC invocations=111 (full 10):
 PSYoungGen      total 524288K, used 524275K [0x00000000d5580000, 0x0000000100000000, 0x0000000100000000)
  eden space 393728K, 100% used [0x00000000d5580000,0x00000000ed600000,0x00000000ed600000)
  from space 130560K, 99% used [0x00000000f8080000,0x00000000ffffcc90,0x0000000100000000)
  to   space 152576K, 0% used [0x00000000ed600000,0x00000000ed600000,0x00000000f6b00000)
 ParOldGen       total 397824K, used 313120K [0x0000000080000000, 0x0000000098480000, 0x00000000d5580000)
  object space 397824K, 78% used [0x0000000080000000,0x00000000931c81e0,0x0000000098480000)
 Metaspace       used 165469K, capacity 175742K, committed 175912K, reserved 1202176K
  class space    used 20633K, capacity 22505K, committed 22568K, reserved 1048576K
Event: 17758.551 GC heap after
Heap after GC invocations=111 (full 10):
 PSYoungGen      total 520704K, used 126845K [0x00000000d5580000, 0x0000000100000000, 0x0000000100000000)
  eden space 393728K, 0% used [0x00000000d5580000,0x00000000d5580000,0x00000000ed600000)
  from space 126976K, 99% used [0x00000000ed600000,0x00000000f51df758,0x00000000f5200000)
  to   space 166912K, 0% used [0x00000000f5d00000,0x00000000f5d00000,0x0000000100000000)
 ParOldGen       total 397824K, used 336058K [0x0000000080000000, 0x0000000098480000, 0x00000000d5580000)
  object space 397824K, 84% used [0x0000000080000000,0x000000009482e940,0x0000000098480000)
 Metaspace       used 165469K, capacity 175742K, committed 175912K, reserved 1202176K
  class space    used 20633K, capacity 22505K, committed 22568K, reserved 1048576K
}
Event: 17760.786 GC heap before
{Heap before GC invocations=112 (full 10):
 PSYoungGen      total 520704K, used 520573K [0x00000000d5580000, 0x0000000100000000, 0x0000000100000000)
  eden space 393728K, 100% used [0x00000000d5580000,0x00000000ed600000,0x00000000ed600000)
  from space 126976K, 99% used [0x00000000ed600000,0x00000000f51df758,0x00000000f5200000)
  to   space 166912K, 0% used [0x00000000f5d00000,0x00000000f5d00000,0x0000000100000000)
 ParOldGen       total 397824K, used 336058K [0x0000000080000000, 0x0000000098480000, 0x00000000d5580000)
  object space 397824K, 84% used [0x0000000080000000,0x000000009482e940,0x0000000098480000)
 Metaspace       used 165512K, capacity 175822K, committed 175912K, reserved 1202176K
  class space    used 20634K, capacity 22507K, committed 22568K, reserved 1048576K

