# JRE version: OpenJDK Runtime Environment (8.0_242-b01) (build 1.8.0_242-release-1644-b01)
# Java VM: OpenJDK 64-Bit Server VM (25.242-b01 mixed mode windows-amd64 compressed oops)
Heap:
 PSYoungGen      total 351744K, used 255030K [0x00000000d5580000, 0x00000000f2580000, 0x0000000100000000)
  eden space 325632K, 70% used [0x00000000d5580000,0x00000000e3515688,0x00000000e9380000)
  from space 26112K, 99% used [0x00000000e9380000,0x00000000eacf8508,0x00000000ead00000)
  to   space 32768K, 0% used [0x00000000f0580000,0x00000000f0580000,0x00000000f2580000)
 ParOldGen       total 82432K, used 65607K [0x0000000080000000, 0x0000000085080000, 0x00000000d5580000)
  object space 82432K, 79% used [0x0000000080000000,0x0000000084011db8,0x0000000085080000)
 Metaspace       used 88335K, capacity 93018K, committed 93224K, reserved 1130496K
  class space    used 11834K, capacity 12754K, committed 12840K, reserved 1048576K
GC Heap History (10 events):
Event: 29.922 GC heap before
{Heap before GC invocations=14 (full 2):
 PSYoungGen      total 207360K, used 181935K [0x00000000d5580000, 0x00000000e7a80000, 0x0000000100000000)
  eden space 194048K, 86% used [0x00000000d5580000,0x00000000dfa31ad0,0x00000000e1300000)
  from space 13312K, 99% used [0x00000000e1300000,0x00000000e1ffa280,0x00000000e2000000)
  to   space 17920K, 0% used [0x00000000e6900000,0x00000000e6900000,0x00000000e7a80000)
 ParOldGen       total 47104K, used 24777K [0x0000000080000000, 0x0000000082e00000, 0x00000000d5580000)
  object space 47104K, 52% used [0x0000000080000000,0x0000000081832590,0x0000000082e00000)
 Metaspace       used 56930K, capacity 59092K, committed 59160K, reserved 1099776K
  class space    used 7805K, capacity 8329K, committed 8360K, reserved 1048576K
Event: 29.964 GC heap after
Heap after GC invocations=14 (full 2):
 PSYoungGen      total 272896K, used 15757K [0x00000000d5580000, 0x00000000e7880000, 0x0000000100000000)
  eden space 257024K, 0% used [0x00000000d5580000,0x00000000d5580000,0x00000000e5080000)
  from space 15872K, 99% used [0x00000000e6900000,0x00000000e78636c0,0x00000000e7880000)
  to   space 19968K, 0% used [0x00000000e5180000,0x00000000e5180000,0x00000000e6500000)
 ParOldGen       total 47104K, used 34866K [0x0000000080000000, 0x0000000082e00000, 0x00000000d5580000)
  object space 47104K, 74% used [0x0000000080000000,0x000000008220cb00,0x0000000082e00000)
 Metaspace       used 56930K, capacity 59092K, committed 59160K, reserved 1099776K
  class space    used 7805K, capacity 8329K, committed 8360K, reserved 1048576K
}
Event: 29.964 GC heap before
{Heap before GC invocations=15 (full 3):
 PSYoungGen      total 272896K, used 15757K [0x00000000d5580000, 0x00000000e7880000, 0x0000000100000000)
  eden space 257024K, 0% used [0x00000000d5580000,0x00000000d5580000,0x00000000e5080000)
  from space 15872K, 99% used [0x00000000e6900000,0x00000000e78636c0,0x00000000e7880000)
  to   space 19968K, 0% used [0x00000000e5180000,0x00000000e5180000,0x00000000e6500000)
 ParOldGen       total 47104K, used 34866K [0x0000000080000000, 0x0000000082e00000, 0x00000000d5580000)
  object space 47104K, 74% used [0x0000000080000000,0x000000008220cb00,0x0000000082e00000)
 Metaspace       used 56930K, capacity 59092K, committed 59160K, reserved 1099776K
  class space    used 7805K, capacity 8329K, committed 8360K, reserved 1048576K
Event: 30.431 GC heap after
Heap after GC invocations=15 (full 3):
 PSYoungGen      total 272896K, used 0K [0x00000000d5580000, 0x00000000e7880000, 0x0000000100000000)
  eden space 257024K, 0% used [0x00000000d5580000,0x00000000d5580000,0x00000000e5080000)
  from space 15872K, 0% used [0x00000000e6900000,0x00000000e6900000,0x00000000e7880000)
  to   space 19968K, 0% used [0x00000000e5180000,0x00000000e5180000,0x00000000e6500000)
 ParOldGen       total 82432K, used 40586K [0x0000000080000000, 0x0000000085080000, 0x00000000d5580000)
  object space 82432K, 49% used [0x0000000080000000,0x00000000827a2bd0,0x0000000085080000)
 Metaspace       used 56926K, capacity 59080K, committed 59160K, reserved 1099776K
  class space    used 7804K, capacity 8327K, committed 8360K, reserved 1048576K
}
Event: 42.742 GC heap before
{Heap before GC invocations=16 (full 3):
 PSYoungGen      total 272896K, used 257024K [0x00000000d5580000, 0x00000000e7880000, 0x0000000100000000)
  eden space 257024K, 100% used [0x00000000d5580000,0x00000000e5080000,0x00000000e5080000)
  from space 15872K, 0% used [0x00000000e6900000,0x00000000e6900000,0x00000000e7880000)
  to   space 19968K, 0% used [0x00000000e5180000,0x00000000e5180000,0x00000000e6500000)
 ParOldGen       total 82432K, used 40586K [0x0000000080000000, 0x0000000085080000, 0x00000000d5580000)
  object space 82432K, 49% used [0x0000000080000000,0x00000000827a2bd0,0x0000000085080000)
 Metaspace       used 68918K, capacity 71992K, committed 72104K, reserved 1112064K
  class space    used 9512K, capacity 10146K, committed 10152K, reserved 1048576K
Event: 42.783 GC heap after
Heap after GC invocations=16 (full 3):
 PSYoungGen      total 278016K, used 19957K [0x00000000d5580000, 0x00000000ec580000, 0x0000000100000000)
  eden space 258048K, 0% used [0x00000000d5580000,0x00000000d5580000,0x00000000e5180000)
  from space 19968K, 99% used [0x00000000e5180000,0x00000000e64fd528,0x00000000e6500000)
  to   space 24576K, 0% used [0x00000000ead80000,0x00000000ead80000,0x00000000ec580000)
 ParOldGen       total 82432K, used 43840K [0x0000000080000000, 0x0000000085080000, 0x00000000d5580000)
  object space 82432K, 53% used [0x0000000080000000,0x0000000082ad01c0,0x0000000085080000)
 Metaspace       used 68918K, capacity 71992K, committed 72104K, reserved 1112064K
  class space    used 9512K, capacity 10146K, committed 10152K, reserved 1048576K
}
Event: 135.223 GC heap before
{Heap before GC invocations=17 (full 3):
 PSYoungGen      total 278016K, used 278005K [0x00000000d5580000, 0x00000000ec580000, 0x0000000100000000)
  eden space 258048K, 100% used [0x00000000d5580000,0x00000000e5180000,0x00000000e5180000)
  from space 19968K, 99% used [0x00000000e5180000,0x00000000e64fd528,0x00000000e6500000)
  to   space 24576K, 0% used [0x00000000ead80000,0x00000000ead80000,0x00000000ec580000)
 ParOldGen       total 82432K, used 43840K [0x0000000080000000, 0x0000000085080000, 0x00000000d5580000)
  object space 82432K, 53% used [0x0000000080000000,0x0000000082ad01c0,0x0000000085080000)
 Metaspace       used 77387K, capacity 80822K, committed 81064K, reserved 1120256K
  class space    used 10351K, capacity 11068K, committed 11176K, reserved 1048576K
Event: 136.515 GC heap after
Heap after GC invocations=17 (full 3):
 PSYoungGen      total 350208K, used 18741K [0x00000000d5580000, 0x00000000ec680000, 0x0000000100000000)
  eden space 325632K, 0% used [0x00000000d5580000,0x00000000d5580000,0x00000000e9380000)
  from space 24576K, 76% used [0x00000000ead80000,0x00000000ebfcd678,0x00000000ec580000)
  to   space 26112K, 0% used [0x00000000e9380000,0x00000000e9380000,0x00000000ead00000)
 ParOldGen       total 82432K, used 58708K [0x0000000080000000, 0x0000000085080000, 0x00000000d5580000)
  object space 82432K, 71% used [0x0000000080000000,0x0000000083955280,0x0000000085080000)
 Metaspace       used 77387K, capacity 80822K, committed 81064K, reserved 1120256K
  class space    used 10351K, capacity 11068K, committed 11176K, reserved 1048576K
}
Event: 149.045 GC heap before
{Heap before GC invocations=18 (full 3):
 PSYoungGen      total 350208K, used 344373K [0x00000000d5580000, 0x00000000ec680000, 0x0000000100000000)
  eden space 325632K, 100% used [0x00000000d5580000,0x00000000e9380000,0x00000000e9380000)
  from space 24576K, 76% used [0x00000000ead80000,0x00000000ebfcd678,0x00000000ec580000)
  to   space 26112K, 0% used [0x00000000e9380000,0x00000000e9380000,0x00000000ead00000)
 ParOldGen       total 82432K, used 58708K [0x0000000080000000, 0x0000000085080000, 0x00000000d5580000)
  object space 82432K, 71% used [0x0000000080000000,0x0000000083955280,0x0000000085080000)
 Metaspace       used 79478K, capacity 83170K, committed 83368K, reserved 1122304K
  class space    used 10627K, capacity 11390K, committed 11432K, reserved 1048576K
Event: 149.282 GC heap after
Heap after GC invocations=18 (full 3):
 PSYoungGen      total 351744K, used 26081K [0x00000000d5580000, 0x00000000f2580000, 0x0000000100000000)
  eden space 325632K, 0% used [0x00000000d5580000,0x00000000d5580000,0x00000000e9380000)
  from space 26112K, 99% used [0x00000000e9380000,0x00000000eacf8508,0x00000000ead00000)
  to   space 32768K, 0% used [0x00000000f0580000,0x00000000f0580000,0x00000000f2580000)
 ParOldGen       total 82432K, used 65607K [0x0000000080000000, 0x0000000085080000, 0x00000000d5580000)
  object space 82432K, 79% used [0x0000000080000000,0x0000000084011db8,0x0000000085080000)
 Metaspace       used 79478K, capacity 83170K, committed 83368K, reserved 1122304K
  class space    used 10627K, capacity 11390K, committed 11432K, reserved 1048576K
}

