# JRE version: OpenJDK Runtime Environment (8.0_242-b01) (build 1.8.0_242-release-1644-b01)
# Java VM: OpenJDK 64-Bit Server VM (25.242-b01 mixed mode windows-amd64 compressed oops)
Heap:
 PSYoungGen      total 325120K, used 244466K [0x00000000d5580000, 0x00000000f3480000, 0x0000000100000000)
  eden space 303616K, 73% used [0x00000000d5580000,0x00000000e2f3cb70,0x00000000e7e00000)
  from space 21504K, 99% used [0x00000000ea380000,0x00000000eb87fda0,0x00000000eb880000)
  to   space 38400K, 0% used [0x00000000e7e00000,0x00000000e7e00000,0x00000000ea380000)
 ParOldGen       total 84992K, used 57779K [0x0000000080000000, 0x0000000085300000, 0x00000000d5580000)
  object space 84992K, 67% used [0x0000000080000000,0x000000008386cdd0,0x0000000085300000)
 Metaspace       used 82638K, capacity 86570K, committed 86824K, reserved 1124352K
  class space    used 10864K, capacity 11742K, committed 11816K, reserved 1048576K
GC Heap History (10 events):
Event: 118.007 GC heap before
{Heap before GC invocations=11 (full 2):
 PSYoungGen      total 254976K, used 241664K [0x00000000d5580000, 0x00000000e5e00000, 0x0000000100000000)
  eden space 241664K, 100% used [0x00000000d5580000,0x00000000e4180000,0x00000000e4180000)
  from space 13312K, 0% used [0x00000000e4f80000,0x00000000e4f80000,0x00000000e5c80000)
  to   space 14336K, 0% used [0x00000000e4180000,0x00000000e4180000,0x00000000e4f80000)
 ParOldGen       total 53760K, used 17345K [0x0000000080000000, 0x0000000083480000, 0x00000000d5580000)
  object space 53760K, 32% used [0x0000000080000000,0x00000000810f04d0,0x0000000083480000)
 Metaspace       used 53659K, capacity 55502K, committed 55720K, reserved 1097728K
  class space    used 7059K, capacity 7499K, committed 7592K, reserved 1048576K
Event: 119.186 GC heap after
Heap after GC invocations=11 (full 2):
 PSYoungGen      total 256000K, used 14309K [0x00000000d5580000, 0x00000000eb880000, 0x0000000100000000)
  eden space 241664K, 0% used [0x00000000d5580000,0x00000000d5580000,0x00000000e4180000)
  from space 14336K, 99% used [0x00000000e4180000,0x00000000e4f797a8,0x00000000e4f80000)
  to   space 21504K, 0% used [0x00000000ea380000,0x00000000ea380000,0x00000000eb880000)
 ParOldGen       total 53760K, used 29424K [0x0000000080000000, 0x0000000083480000, 0x00000000d5580000)
  object space 53760K, 54% used [0x0000000080000000,0x0000000081cbc2d0,0x0000000083480000)
 Metaspace       used 53659K, capacity 55502K, committed 55720K, reserved 1097728K
  class space    used 7059K, capacity 7499K, committed 7592K, reserved 1048576K
}
Event: 132.001 GC heap before
{Heap before GC invocations=12 (full 2):
 PSYoungGen      total 256000K, used 74337K [0x00000000d5580000, 0x00000000eb880000, 0x0000000100000000)
  eden space 241664K, 24% used [0x00000000d5580000,0x00000000d901edd8,0x00000000e4180000)
  from space 14336K, 99% used [0x00000000e4180000,0x00000000e4f797a8,0x00000000e4f80000)
  to   space 21504K, 0% used [0x00000000ea380000,0x00000000ea380000,0x00000000eb880000)
 ParOldGen       total 53760K, used 29424K [0x0000000080000000, 0x0000000083480000, 0x00000000d5580000)
  object space 53760K, 54% used [0x0000000080000000,0x0000000081cbc2d0,0x0000000083480000)
 Metaspace       used 56884K, capacity 59090K, committed 59160K, reserved 1099776K
  class space    used 7607K, capacity 8093K, committed 8104K, reserved 1048576K
Event: 132.171 GC heap after
Heap after GC invocations=12 (full 2):
 PSYoungGen      total 338432K, used 19364K [0x00000000d5580000, 0x00000000eba00000, 0x0000000100000000)
  eden space 316928K, 0% used [0x00000000d5580000,0x00000000d5580000,0x00000000e8b00000)
  from space 21504K, 90% used [0x00000000ea380000,0x00000000eb669120,0x00000000eb880000)
  to   space 24064K, 0% used [0x00000000e8b00000,0x00000000e8b00000,0x00000000ea280000)
 ParOldGen       total 53760K, used 29432K [0x0000000080000000, 0x0000000083480000, 0x00000000d5580000)
  object space 53760K, 54% used [0x0000000080000000,0x0000000081cbe2d0,0x0000000083480000)
 Metaspace       used 56884K, capacity 59090K, committed 59160K, reserved 1099776K
  class space    used 7607K, capacity 8093K, committed 8104K, reserved 1048576K
}
Event: 132.177 GC heap before
{Heap before GC invocations=13 (full 3):
 PSYoungGen      total 338432K, used 19364K [0x00000000d5580000, 0x00000000eba00000, 0x0000000100000000)
  eden space 316928K, 0% used [0x00000000d5580000,0x00000000d5580000,0x00000000e8b00000)
  from space 21504K, 90% used [0x00000000ea380000,0x00000000eb669120,0x00000000eb880000)
  to   space 24064K, 0% used [0x00000000e8b00000,0x00000000e8b00000,0x00000000ea280000)
 ParOldGen       total 53760K, used 29432K [0x0000000080000000, 0x0000000083480000, 0x00000000d5580000)
  object space 53760K, 54% used [0x0000000080000000,0x0000000081cbe2d0,0x0000000083480000)
 Metaspace       used 56884K, capacity 59090K, committed 59160K, reserved 1099776K
  class space    used 7607K, capacity 8093K, committed 8104K, reserved 1048576K
Event: 134.792 GC heap after
Heap after GC invocations=13 (full 3):
 PSYoungGen      total 338432K, used 0K [0x00000000d5580000, 0x00000000eba00000, 0x0000000100000000)
  eden space 316928K, 0% used [0x00000000d5580000,0x00000000d5580000,0x00000000e8b00000)
  from space 21504K, 0% used [0x00000000ea380000,0x00000000ea380000,0x00000000eb880000)
  to   space 24064K, 0% used [0x00000000e8b00000,0x00000000e8b00000,0x00000000ea280000)
 ParOldGen       total 84992K, used 34450K [0x0000000080000000, 0x0000000085300000, 0x00000000d5580000)
  object space 84992K, 40% used [0x0000000080000000,0x00000000821a49f0,0x0000000085300000)
 Metaspace       used 56853K, capacity 58996K, committed 59160K, reserved 1099776K
  class space    used 7598K, capacity 8084K, committed 8104K, reserved 1048576K
}
Event: 182.935 GC heap before
{Heap before GC invocations=14 (full 3):
 PSYoungGen      total 338432K, used 316928K [0x00000000d5580000, 0x00000000eba00000, 0x0000000100000000)
  eden space 316928K, 100% used [0x00000000d5580000,0x00000000e8b00000,0x00000000e8b00000)
  from space 21504K, 0% used [0x00000000ea380000,0x00000000ea380000,0x00000000eb880000)
  to   space 24064K, 0% used [0x00000000e8b00000,0x00000000e8b00000,0x00000000ea280000)
 ParOldGen       total 84992K, used 34450K [0x0000000080000000, 0x0000000085300000, 0x00000000d5580000)
  object space 84992K, 40% used [0x0000000080000000,0x00000000821a49f0,0x0000000085300000)
 Metaspace       used 72259K, capacity 75240K, committed 75304K, reserved 1114112K
  class space    used 9874K, capacity 10526K, committed 10536K, reserved 1048576K
Event: 184.914 GC heap after
Heap after GC invocations=14 (full 3):
 PSYoungGen      total 340992K, used 24055K [0x00000000d5580000, 0x00000000eba00000, 0x0000000100000000)
  eden space 316928K, 0% used [0x00000000d5580000,0x00000000d5580000,0x00000000e8b00000)
  from space 24064K, 99% used [0x00000000e8b00000,0x00000000ea27de10,0x00000000ea280000)
  to   space 21504K, 0% used [0x00000000ea380000,0x00000000ea380000,0x00000000eb880000)
 ParOldGen       total 84992K, used 38649K [0x0000000080000000, 0x0000000085300000, 0x00000000d5580000)
  object space 84992K, 45% used [0x0000000080000000,0x00000000825be5a8,0x0000000085300000)
 Metaspace       used 72259K, capacity 75240K, committed 75304K, reserved 1114112K
  class space    used 9874K, capacity 10526K, committed 10536K, reserved 1048576K
}
Event: 295.034 GC heap before
{Heap before GC invocations=15 (full 3):
 PSYoungGen      total 340992K, used 340983K [0x00000000d5580000, 0x00000000eba00000, 0x0000000100000000)
  eden space 316928K, 100% used [0x00000000d5580000,0x00000000e8b00000,0x00000000e8b00000)
  from space 24064K, 99% used [0x00000000e8b00000,0x00000000ea27de10,0x00000000ea280000)
  to   space 21504K, 0% used [0x00000000ea380000,0x00000000ea380000,0x00000000eb880000)
 ParOldGen       total 84992K, used 38649K [0x0000000080000000, 0x0000000085300000, 0x00000000d5580000)
  object space 84992K, 45% used [0x0000000080000000,0x00000000825be5a8,0x0000000085300000)
 Metaspace       used 81279K, capacity 84968K, committed 85032K, reserved 1122304K
  class space    used 10705K, capacity 11509K, committed 11560K, reserved 1048576K
Event: 301.934 GC heap after
Heap after GC invocations=15 (full 3):
 PSYoungGen      total 325120K, used 21503K [0x00000000d5580000, 0x00000000f3480000, 0x0000000100000000)
  eden space 303616K, 0% used [0x00000000d5580000,0x00000000d5580000,0x00000000e7e00000)
  from space 21504K, 99% used [0x00000000ea380000,0x00000000eb87fda0,0x00000000eb880000)
  to   space 38400K, 0% used [0x00000000e7e00000,0x00000000e7e00000,0x00000000ea380000)
 ParOldGen       total 84992K, used 57779K [0x0000000080000000, 0x0000000085300000, 0x00000000d5580000)
  object space 84992K, 67% used [0x0000000080000000,0x000000008386cdd0,0x0000000085300000)
 Metaspace       used 81279K, capacity 84968K, committed 85032K, reserved 1122304K
  class space    used 10705K, capacity 11509K, committed 11560K, reserved 1048576K
}

