# JRE version: OpenJDK Runtime Environment (8.0_242-b01) (build 1.8.0_242-release-1644-b01)
# Java VM: OpenJDK 64-Bit Server VM (25.242-b01 mixed mode windows-amd64 compressed oops)
Heap:
 PSYoungGen      total 528896K, used 75540K [0x00000000d5580000, 0x00000000f8f00000, 0x0000000100000000)
  eden space 474624K, 15% used [0x00000000d5580000,0x00000000d9f451e8,0x00000000f2500000)
  from space 54272K, 0% used [0x00000000f2500000,0x00000000f2500000,0x00000000f5a00000)
  to   space 49152K, 0% used [0x00000000f5b00000,0x00000000f5b00000,0x00000000f8b00000)
 ParOldGen       total 183296K, used 174011K [0x0000000080000000, 0x000000008b300000, 0x00000000d5580000)
  object space 183296K, 94% used [0x0000000080000000,0x000000008a9eec78,0x000000008b300000)
 Metaspace       used 95745K, capacity 100454K, committed 100608K, reserved 1136640K
  class space    used 12328K, capacity 13294K, committed 13312K, reserved 1048576K
GC Heap History (10 events):
Event: 143.820 GC heap before
{Heap before GC invocations=26 (full 7):
 PSYoungGen      total 528896K, used 486870K [0x00000000d5580000, 0x00000000f8f00000, 0x0000000100000000)
  eden space 474624K, 100% used [0x00000000d5580000,0x00000000f2500000,0x00000000f2500000)
  from space 54272K, 22% used [0x00000000f2500000,0x00000000f30f5950,0x00000000f5a00000)
  to   space 49152K, 0% used [0x00000000f5b00000,0x00000000f5b00000,0x00000000f8b00000)
 ParOldGen       total 183296K, used 182821K [0x0000000080000000, 0x000000008b300000, 0x00000000d5580000)
  object space 183296K, 99% used [0x0000000080000000,0x000000008b289600,0x000000008b300000)
 Metaspace       used 92715K, capacity 96906K, committed 97792K, reserved 1134592K
  class space    used 11950K, capacity 12832K, committed 13056K, reserved 1048576K
Event: 145.740 GC heap after
Heap after GC invocations=26 (full 7):
 PSYoungGen      total 528896K, used 58397K [0x00000000d5580000, 0x00000000f8f00000, 0x0000000100000000)
  eden space 474624K, 12% used [0x00000000d5580000,0x00000000d8e875c8,0x00000000f2500000)
  from space 54272K, 0% used [0x00000000f2500000,0x00000000f2500000,0x00000000f5a00000)
  to   space 49152K, 0% used [0x00000000f5b00000,0x00000000f5b00000,0x00000000f8b00000)
 ParOldGen       total 183296K, used 183226K [0x0000000080000000, 0x000000008b300000, 0x00000000d5580000)
  object space 183296K, 99% used [0x0000000080000000,0x000000008b2eeb60,0x000000008b300000)
 Metaspace       used 92715K, capacity 96906K, committed 97792K, reserved 1134592K
  class space    used 11950K, capacity 12832K, committed 13056K, reserved 1048576K
}
Event: 148.702 GC heap before
{Heap before GC invocations=27 (full 8):
 PSYoungGen      total 528896K, used 474624K [0x00000000d5580000, 0x00000000f8f00000, 0x0000000100000000)
  eden space 474624K, 100% used [0x00000000d5580000,0x00000000f2500000,0x00000000f2500000)
  from space 54272K, 0% used [0x00000000f2500000,0x00000000f2500000,0x00000000f5a00000)
  to   space 49152K, 0% used [0x00000000f5b00000,0x00000000f5b00000,0x00000000f8b00000)
 ParOldGen       total 183296K, used 183226K [0x0000000080000000, 0x000000008b300000, 0x00000000d5580000)
  object space 183296K, 99% used [0x0000000080000000,0x000000008b2eeb60,0x000000008b300000)
 Metaspace       used 93620K, capacity 98102K, committed 98304K, reserved 1134592K
  class space    used 12064K, capacity 12996K, committed 13056K, reserved 1048576K
Event: 150.123 GC heap after
Heap after GC invocations=27 (full 8):
 PSYoungGen      total 528896K, used 53057K [0x00000000d5580000, 0x00000000f8f00000, 0x0000000100000000)
  eden space 474624K, 11% used [0x00000000d5580000,0x00000000d89504f0,0x00000000f2500000)
  from space 54272K, 0% used [0x00000000f2500000,0x00000000f2500000,0x00000000f5a00000)
  to   space 49152K, 0% used [0x00000000f5b00000,0x00000000f5b00000,0x00000000f8b00000)
 ParOldGen       total 183296K, used 183009K [0x0000000080000000, 0x000000008b300000, 0x00000000d5580000)
  object space 183296K, 99% used [0x0000000080000000,0x000000008b2b86c8,0x000000008b300000)
 Metaspace       used 93604K, capacity 98062K, committed 98304K, reserved 1134592K
  class space    used 12058K, capacity 12986K, committed 13056K, reserved 1048576K
}
Event: 151.125 GC heap before
{Heap before GC invocations=28 (full 9):
 PSYoungGen      total 528896K, used 474624K [0x00000000d5580000, 0x00000000f8f00000, 0x0000000100000000)
  eden space 474624K, 100% used [0x00000000d5580000,0x00000000f2500000,0x00000000f2500000)
  from space 54272K, 0% used [0x00000000f2500000,0x00000000f2500000,0x00000000f5a00000)
  to   space 49152K, 0% used [0x00000000f5b00000,0x00000000f5b00000,0x00000000f8b00000)
 ParOldGen       total 183296K, used 183009K [0x0000000080000000, 0x000000008b300000, 0x00000000d5580000)
  object space 183296K, 99% used [0x0000000080000000,0x000000008b2b86c8,0x000000008b300000)
 Metaspace       used 93606K, capacity 98062K, committed 98304K, reserved 1134592K
  class space    used 12058K, capacity 12986K, committed 13056K, reserved 1048576K
Event: 151.998 GC heap after
Heap after GC invocations=28 (full 9):
 PSYoungGen      total 528896K, used 52607K [0x00000000d5580000, 0x00000000f8f00000, 0x0000000100000000)
  eden space 474624K, 11% used [0x00000000d5580000,0x00000000d88dfc80,0x00000000f2500000)
  from space 54272K, 0% used [0x00000000f2500000,0x00000000f2500000,0x00000000f5a00000)
  to   space 49152K, 0% used [0x00000000f5b00000,0x00000000f5b00000,0x00000000f8b00000)
 ParOldGen       total 183296K, used 183009K [0x0000000080000000, 0x000000008b300000, 0x00000000d5580000)
  object space 183296K, 99% used [0x0000000080000000,0x000000008b2b85d8,0x000000008b300000)
 Metaspace       used 93606K, capacity 98062K, committed 98304K, reserved 1134592K
  class space    used 12058K, capacity 12986K, committed 13056K, reserved 1048576K
}
Event: 156.182 GC heap before
{Heap before GC invocations=29 (full 10):
 PSYoungGen      total 528896K, used 474624K [0x00000000d5580000, 0x00000000f8f00000, 0x0000000100000000)
  eden space 474624K, 100% used [0x00000000d5580000,0x00000000f2500000,0x00000000f2500000)
  from space 54272K, 0% used [0x00000000f2500000,0x00000000f2500000,0x00000000f5a00000)
  to   space 49152K, 0% used [0x00000000f5b00000,0x00000000f5b00000,0x00000000f8b00000)
 ParOldGen       total 183296K, used 183009K [0x0000000080000000, 0x000000008b300000, 0x00000000d5580000)
  object space 183296K, 99% used [0x0000000080000000,0x000000008b2b85d8,0x000000008b300000)
 Metaspace       used 94665K, capacity 99232K, committed 99456K, reserved 1136640K
  class space    used 12200K, capacity 13149K, committed 13184K, reserved 1048576K
Event: 158.134 GC heap after
Heap after GC invocations=29 (full 10):
 PSYoungGen      total 528896K, used 39750K [0x00000000d5580000, 0x00000000f8f00000, 0x0000000100000000)
  eden space 474624K, 8% used [0x00000000d5580000,0x00000000d7c51bf8,0x00000000f2500000)
  from space 54272K, 0% used [0x00000000f2500000,0x00000000f2500000,0x00000000f5a00000)
  to   space 49152K, 0% used [0x00000000f5b00000,0x00000000f5b00000,0x00000000f8b00000)
 ParOldGen       total 183296K, used 183282K [0x0000000080000000, 0x000000008b300000, 0x00000000d5580000)
  object space 183296K, 99% used [0x0000000080000000,0x000000008b2fcae8,0x000000008b300000)
 Metaspace       used 94659K, capacity 99220K, committed 99456K, reserved 1136640K
  class space    used 12198K, capacity 13145K, committed 13184K, reserved 1048576K
}
Event: 163.254 GC heap before
{Heap before GC invocations=30 (full 11):
 PSYoungGen      total 528896K, used 474624K [0x00000000d5580000, 0x00000000f8f00000, 0x0000000100000000)
  eden space 474624K, 100% used [0x00000000d5580000,0x00000000f2500000,0x00000000f2500000)
  from space 54272K, 0% used [0x00000000f2500000,0x00000000f2500000,0x00000000f5a00000)
  to   space 49152K, 0% used [0x00000000f5b00000,0x00000000f5b00000,0x00000000f8b00000)
 ParOldGen       total 183296K, used 183282K [0x0000000080000000, 0x000000008b300000, 0x00000000d5580000)
  object space 183296K, 99% used [0x0000000080000000,0x000000008b2fcae8,0x000000008b300000)
 Metaspace       used 94821K, capacity 99348K, committed 99456K, reserved 1136640K
  class space    used 12198K, capacity 13145K, committed 13184K, reserved 1048576K
Event: 164.308 GC heap after
Heap after GC invocations=30 (full 11):
 PSYoungGen      total 528896K, used 10900K [0x00000000d5580000, 0x00000000f8f00000, 0x0000000100000000)
  eden space 474624K, 2% used [0x00000000d5580000,0x00000000d6025170,0x00000000f2500000)
  from space 54272K, 0% used [0x00000000f2500000,0x00000000f2500000,0x00000000f5a00000)
  to   space 49152K, 0% used [0x00000000f5b00000,0x00000000f5b00000,0x00000000f8b00000)
 ParOldGen       total 183296K, used 174011K [0x0000000080000000, 0x000000008b300000, 0x00000000d5580000)
  object space 183296K, 94% used [0x0000000080000000,0x000000008a9eec78,0x000000008b300000)
 Metaspace       used 94821K, capacity 99348K, committed 99456K, reserved 1136640K
  class space    used 12198K, capacity 13145K, committed 13184K, reserved 1048576K
}

