# JRE version: OpenJDK Runtime Environment (8.0_242-b01) (build 1.8.0_242-release-1644-b01)
# Java VM: OpenJDK 64-Bit Server VM (25.242-b01 mixed mode windows-amd64 compressed oops)
Heap:
 PSYoungGen      total 582656K, used 158093K [0x00000000d5580000, 0x0000000100000000, 0x0000000100000000)
  eden space 483328K, 22% used [0x00000000d5580000,0x00000000dbdc0110,0x00000000f2d80000)
  from space 99328K, 51% used [0x00000000f2d80000,0x00000000f5fa3448,0x00000000f8e80000)
  to   space 99328K, 0% used [0x00000000f9f00000,0x00000000f9f00000,0x0000000100000000)
 ParOldGen       total 398336K, used 258133K [0x0000000080000000, 0x0000000098500000, 0x00000000d5580000)
  object space 398336K, 64% used [0x0000000080000000,0x000000008fc154a8,0x0000000098500000)
 Metaspace       used 127060K, capacity 133204K, committed 133464K, reserved 1165312K
  class space    used 16267K, capacity 17518K, committed 17536K, reserved 1048576K
GC Heap History (10 events):
Event: 155.997 GC heap before
{Heap before GC invocations=27 (full 6):
 PSYoungGen      total 538112K, used 538098K [0x00000000d5580000, 0x00000000fcd00000, 0x0000000100000000)
  eden space 496128K, 100% used [0x00000000d5580000,0x00000000f3a00000,0x00000000f3a00000)
  from space 41984K, 99% used [0x00000000f3a00000,0x00000000f62fc948,0x00000000f6300000)
  to   space 50688K, 0% used [0x00000000f9b80000,0x00000000f9b80000,0x00000000fcd00000)
 ParOldGen       total 318976K, used 242415K [0x0000000080000000, 0x0000000093780000, 0x00000000d5580000)
  object space 318976K, 75% used [0x0000000080000000,0x000000008ecbbf48,0x0000000093780000)
 Metaspace       used 93923K, capacity 98576K, committed 98904K, reserved 1134592K
  class space    used 12136K, capacity 13079K, committed 13184K, reserved 1048576K
Event: 156.710 GC heap after
Heap after GC invocations=27 (full 6):
 PSYoungGen      total 528384K, used 50663K [0x00000000d5580000, 0x0000000100000000, 0x0000000100000000)
  eden space 477696K, 0% used [0x00000000d5580000,0x00000000d5580000,0x00000000f2800000)
  from space 50688K, 99% used [0x00000000f9b80000,0x00000000fccf9d60,0x00000000fcd00000)
  to   space 110592K, 0% used [0x00000000f2800000,0x00000000f2800000,0x00000000f9400000)
 ParOldGen       total 381440K, used 381324K [0x0000000080000000, 0x0000000097480000, 0x00000000d5580000)
  object space 381440K, 99% used [0x0000000080000000,0x00000000974631d0,0x0000000097480000)
 Metaspace       used 93923K, capacity 98576K, committed 98904K, reserved 1134592K
  class space    used 12136K, capacity 13079K, committed 13184K, reserved 1048576K
}
Event: 156.711 GC heap before
{Heap before GC invocations=28 (full 7):
 PSYoungGen      total 528384K, used 50663K [0x00000000d5580000, 0x0000000100000000, 0x0000000100000000)
  eden space 477696K, 0% used [0x00000000d5580000,0x00000000d5580000,0x00000000f2800000)
  from space 50688K, 99% used [0x00000000f9b80000,0x00000000fccf9d60,0x00000000fcd00000)
  to   space 110592K, 0% used [0x00000000f2800000,0x00000000f2800000,0x00000000f9400000)
 ParOldGen       total 381440K, used 381324K [0x0000000080000000, 0x0000000097480000, 0x00000000d5580000)
  object space 381440K, 99% used [0x0000000080000000,0x00000000974631d0,0x0000000097480000)
 Metaspace       used 93923K, capacity 98576K, committed 98904K, reserved 1134592K
  class space    used 12136K, capacity 13079K, committed 13184K, reserved 1048576K
Event: 163.122 GC heap after
Heap after GC invocations=28 (full 7):
 PSYoungGen      total 528384K, used 0K [0x00000000d5580000, 0x0000000100000000, 0x0000000100000000)
  eden space 477696K, 0% used [0x00000000d5580000,0x00000000d5580000,0x00000000f2800000)
  from space 50688K, 0% used [0x00000000f9b80000,0x00000000f9b80000,0x00000000fcd00000)
  to   space 110592K, 0% used [0x00000000f2800000,0x00000000f2800000,0x00000000f9400000)
 ParOldGen       total 398336K, used 258109K [0x0000000080000000, 0x0000000098500000, 0x00000000d5580000)
  object space 398336K, 64% used [0x0000000080000000,0x000000008fc0f4a8,0x0000000098500000)
 Metaspace       used 93900K, capacity 98520K, committed 98904K, reserved 1134592K
  class space    used 12128K, capacity 13065K, committed 13184K, reserved 1048576K
}
Event: 9049.987 GC heap before
{Heap before GC invocations=29 (full 7):
 PSYoungGen      total 528384K, used 477696K [0x00000000d5580000, 0x0000000100000000, 0x0000000100000000)
  eden space 477696K, 100% used [0x00000000d5580000,0x00000000f2800000,0x00000000f2800000)
  from space 50688K, 0% used [0x00000000f9b80000,0x00000000f9b80000,0x00000000fcd00000)
  to   space 110592K, 0% used [0x00000000f2800000,0x00000000f2800000,0x00000000f9400000)
 ParOldGen       total 398336K, used 258109K [0x0000000080000000, 0x0000000098500000, 0x00000000d5580000)
  object space 398336K, 64% used [0x0000000080000000,0x000000008fc0f4a8,0x0000000098500000)
 Metaspace       used 96133K, capacity 101028K, committed 101208K, reserved 1136640K
  class space    used 12386K, capacity 13409K, committed 13440K, reserved 1048576K
Event: 9052.286 GC heap after
Heap after GC invocations=29 (full 7):
 PSYoungGen      total 588288K, used 26321K [0x00000000d5580000, 0x0000000100000000, 0x0000000100000000)
  eden space 477696K, 0% used [0x00000000d5580000,0x00000000d5580000,0x00000000f2800000)
  from space 110592K, 23% used [0x00000000f2800000,0x00000000f41b46d8,0x00000000f9400000)
  to   space 104960K, 0% used [0x00000000f9980000,0x00000000f9980000,0x0000000100000000)
 ParOldGen       total 398336K, used 258117K [0x0000000080000000, 0x0000000098500000, 0x00000000d5580000)
  object space 398336K, 64% used [0x0000000080000000,0x000000008fc114a8,0x0000000098500000)
 Metaspace       used 96133K, capacity 101028K, committed 101208K, reserved 1136640K
  class space    used 12386K, capacity 13409K, committed 13440K, reserved 1048576K
}
Event: 9080.513 GC heap before
{Heap before GC invocations=30 (full 7):
 PSYoungGen      total 588288K, used 504017K [0x00000000d5580000, 0x0000000100000000, 0x0000000100000000)
  eden space 477696K, 100% used [0x00000000d5580000,0x00000000f2800000,0x00000000f2800000)
  from space 110592K, 23% used [0x00000000f2800000,0x00000000f41b46d8,0x00000000f9400000)
  to   space 104960K, 0% used [0x00000000f9980000,0x00000000f9980000,0x0000000100000000)
 ParOldGen       total 398336K, used 258117K [0x0000000080000000, 0x0000000098500000, 0x00000000d5580000)
  object space 398336K, 64% used [0x0000000080000000,0x000000008fc114a8,0x0000000098500000)
 Metaspace       used 97053K, capacity 102094K, committed 102360K, reserved 1138688K
  class space    used 12470K, capacity 13512K, committed 13568K, reserved 1048576K
Event: 9081.265 GC heap after
Heap after GC invocations=30 (full 7):
 PSYoungGen      total 571392K, used 26270K [0x00000000d5580000, 0x00000000fef80000, 0x0000000100000000)
  eden space 483328K, 0% used [0x00000000d5580000,0x00000000d5580000,0x00000000f2d80000)
  from space 88064K, 29% used [0x00000000f9980000,0x00000000fb327bd0,0x00000000fef80000)
  to   space 99328K, 0% used [0x00000000f2d80000,0x00000000f2d80000,0x00000000f8e80000)
 ParOldGen       total 398336K, used 258125K [0x0000000080000000, 0x0000000098500000, 0x00000000d5580000)
  object space 398336K, 64% used [0x0000000080000000,0x000000008fc134a8,0x0000000098500000)
 Metaspace       used 97053K, capacity 102094K, committed 102360K, reserved 1138688K
  class space    used 12470K, capacity 13512K, committed 13568K, reserved 1048576K
}
Event: 9099.995 GC heap before
{Heap before GC invocations=31 (full 7):
 PSYoungGen      total 571392K, used 509598K [0x00000000d5580000, 0x00000000fef80000, 0x0000000100000000)
  eden space 483328K, 100% used [0x00000000d5580000,0x00000000f2d80000,0x00000000f2d80000)
  from space 88064K, 29% used [0x00000000f9980000,0x00000000fb327bd0,0x00000000fef80000)
  to   space 99328K, 0% used [0x00000000f2d80000,0x00000000f2d80000,0x00000000f8e80000)
 ParOldGen       total 398336K, used 258125K [0x0000000080000000, 0x0000000098500000, 0x00000000d5580000)
  object space 398336K, 64% used [0x0000000080000000,0x000000008fc134a8,0x0000000098500000)
 Metaspace       used 111130K, capacity 116869K, committed 117080K, reserved 1150976K
  class space    used 13997K, capacity 15159K, committed 15232K, reserved 1048576K
Event: 9100.702 GC heap after
Heap after GC invocations=31 (full 7):
 PSYoungGen      total 582656K, used 51341K [0x00000000d5580000, 0x0000000100000000, 0x0000000100000000)
  eden space 483328K, 0% used [0x00000000d5580000,0x00000000d5580000,0x00000000f2d80000)
  from space 99328K, 51% used [0x00000000f2d80000,0x00000000f5fa3448,0x00000000f8e80000)
  to   space 99328K, 0% used [0x00000000f9f00000,0x00000000f9f00000,0x0000000100000000)
 ParOldGen       total 398336K, used 258133K [0x0000000080000000, 0x0000000098500000, 0x00000000d5580000)
  object space 398336K, 64% used [0x0000000080000000,0x000000008fc154a8,0x0000000098500000)
 Metaspace       used 111130K, capacity 116869K, committed 117080K, reserved 1150976K
  class space    used 13997K, capacity 15159K, committed 15232K, reserved 1048576K
}

