# JRE version: OpenJDK Runtime Environment (8.0_242-b01) (build 1.8.0_242-release-1644-b01)
# Java VM: OpenJDK 64-Bit Server VM (25.242-b01 mixed mode windows-amd64 compressed oops)
Heap:
 PSYoungGen      total 339456K, used 119636K [0x00000000d5580000, 0x00000000ebe80000, 0x0000000100000000)
  eden space 315392K, 31% used [0x00000000d5580000,0x00000000db52c798,0x00000000e8980000)
  from space 24064K, 90% used [0x00000000ea600000,0x00000000ebb28878,0x00000000ebd80000)
  to   space 27136K, 0% used [0x00000000e8980000,0x00000000e8980000,0x00000000ea400000)
 ParOldGen       total 83968K, used 60361K [0x0000000080000000, 0x0000000085200000, 0x00000000d5580000)
  object space 83968K, 71% used [0x0000000080000000,0x0000000083af2718,0x0000000085200000)
 Metaspace       used 68786K, capacity 71725K, committed 71896K, reserved 1112064K
  class space    used 9283K, capacity 9917K, committed 9984K, reserved 1048576K
GC Heap History (10 events):
Event: 19.123 GC heap before
{Heap before GC invocations=13 (full 2):
 PSYoungGen      total 204288K, used 192000K [0x00000000d5580000, 0x00000000e2b00000, 0x0000000100000000)
  eden space 192000K, 100% used [0x00000000d5580000,0x00000000e1100000,0x00000000e1100000)
  from space 12288K, 0% used [0x00000000e1e00000,0x00000000e1e00000,0x00000000e2a00000)
  to   space 13312K, 0% used [0x00000000e1100000,0x00000000e1100000,0x00000000e1e00000)
 ParOldGen       total 46592K, used 16059K [0x0000000080000000, 0x0000000082d80000, 0x00000000d5580000)
  object space 46592K, 34% used [0x0000000080000000,0x0000000080faef88,0x0000000082d80000)
 Metaspace       used 49744K, capacity 51319K, committed 51672K, reserved 1093632K
  class space    used 6664K, capacity 7066K, committed 7168K, reserved 1048576K
Event: 19.172 GC heap after
Heap after GC invocations=13 (full 2):
 PSYoungGen      total 205312K, used 13292K [0x00000000d5580000, 0x00000000e7780000, 0x0000000100000000)
  eden space 192000K, 0% used [0x00000000d5580000,0x00000000d5580000,0x00000000e1100000)
  from space 13312K, 99% used [0x00000000e1100000,0x00000000e1dfb320,0x00000000e1e00000)
  to   space 18944K, 0% used [0x00000000e6500000,0x00000000e6500000,0x00000000e7780000)
 ParOldGen       total 46592K, used 25865K [0x0000000080000000, 0x0000000082d80000, 0x00000000d5580000)
  object space 46592K, 55% used [0x0000000080000000,0x0000000081942760,0x0000000082d80000)
 Metaspace       used 49744K, capacity 51319K, committed 51672K, reserved 1093632K
  class space    used 6664K, capacity 7066K, committed 7168K, reserved 1048576K
}
Event: 23.021 GC heap before
{Heap before GC invocations=14 (full 2):
 PSYoungGen      total 205312K, used 142081K [0x00000000d5580000, 0x00000000e7780000, 0x0000000100000000)
  eden space 192000K, 67% used [0x00000000d5580000,0x00000000dd3451e8,0x00000000e1100000)
  from space 13312K, 99% used [0x00000000e1100000,0x00000000e1dfb320,0x00000000e1e00000)
  to   space 18944K, 0% used [0x00000000e6500000,0x00000000e6500000,0x00000000e7780000)
 ParOldGen       total 46592K, used 25865K [0x0000000080000000, 0x0000000082d80000, 0x00000000d5580000)
  object space 46592K, 55% used [0x0000000080000000,0x0000000081942760,0x0000000082d80000)
 Metaspace       used 56882K, capacity 58851K, committed 58968K, reserved 1099776K
  class space    used 7834K, capacity 8293K, committed 8320K, reserved 1048576K
Event: 23.095 GC heap after
Heap after GC invocations=14 (full 2):
 PSYoungGen      total 273920K, used 13136K [0x00000000d5580000, 0x00000000e7680000, 0x0000000100000000)
  eden space 256000K, 0% used [0x00000000d5580000,0x00000000d5580000,0x00000000e4f80000)
  from space 17920K, 73% used [0x00000000e6500000,0x00000000e71d40f8,0x00000000e7680000)
  to   space 19968K, 0% used [0x00000000e4f80000,0x00000000e4f80000,0x00000000e6300000)
 ParOldGen       total 46592K, used 38843K [0x0000000080000000, 0x0000000082d80000, 0x00000000d5580000)
  object space 46592K, 83% used [0x0000000080000000,0x00000000825eee80,0x0000000082d80000)
 Metaspace       used 56882K, capacity 58851K, committed 58968K, reserved 1099776K
  class space    used 7834K, capacity 8293K, committed 8320K, reserved 1048576K
}
Event: 23.095 GC heap before
{Heap before GC invocations=15 (full 3):
 PSYoungGen      total 273920K, used 13136K [0x00000000d5580000, 0x00000000e7680000, 0x0000000100000000)
  eden space 256000K, 0% used [0x00000000d5580000,0x00000000d5580000,0x00000000e4f80000)
  from space 17920K, 73% used [0x00000000e6500000,0x00000000e71d40f8,0x00000000e7680000)
  to   space 19968K, 0% used [0x00000000e4f80000,0x00000000e4f80000,0x00000000e6300000)
 ParOldGen       total 46592K, used 38843K [0x0000000080000000, 0x0000000082d80000, 0x00000000d5580000)
  object space 46592K, 83% used [0x0000000080000000,0x00000000825eee80,0x0000000082d80000)
 Metaspace       used 56882K, capacity 58851K, committed 58968K, reserved 1099776K
  class space    used 7834K, capacity 8293K, committed 8320K, reserved 1048576K
Event: 23.579 GC heap after
Heap after GC invocations=15 (full 3):
 PSYoungGen      total 273920K, used 0K [0x00000000d5580000, 0x00000000e7680000, 0x0000000100000000)
  eden space 256000K, 0% used [0x00000000d5580000,0x00000000d5580000,0x00000000e4f80000)
  from space 17920K, 0% used [0x00000000e6500000,0x00000000e6500000,0x00000000e7680000)
  to   space 19968K, 0% used [0x00000000e4f80000,0x00000000e4f80000,0x00000000e6300000)
 ParOldGen       total 83968K, used 38464K [0x0000000080000000, 0x0000000085200000, 0x00000000d5580000)
  object space 83968K, 45% used [0x0000000080000000,0x0000000082590300,0x0000000085200000)
 Metaspace       used 56871K, capacity 58815K, committed 58968K, reserved 1099776K
  class space    used 7830K, capacity 8287K, committed 8320K, reserved 1048576K
}
Event: 32.066 GC heap before
{Heap before GC invocations=16 (full 3):
 PSYoungGen      total 273920K, used 256000K [0x00000000d5580000, 0x00000000e7680000, 0x0000000100000000)
  eden space 256000K, 100% used [0x00000000d5580000,0x00000000e4f80000,0x00000000e4f80000)
  from space 17920K, 0% used [0x00000000e6500000,0x00000000e6500000,0x00000000e7680000)
  to   space 19968K, 0% used [0x00000000e4f80000,0x00000000e4f80000,0x00000000e6300000)
 ParOldGen       total 83968K, used 38464K [0x0000000080000000, 0x0000000085200000, 0x00000000d5580000)
  object space 83968K, 45% used [0x0000000080000000,0x0000000082590300,0x0000000085200000)
 Metaspace       used 62444K, capacity 65139K, committed 65240K, reserved 1105920K
  class space    used 8546K, capacity 9140K, committed 9216K, reserved 1048576K
Event: 32.132 GC heap after
Heap after GC invocations=16 (full 3):
 PSYoungGen      total 275968K, used 19961K [0x00000000d5580000, 0x00000000ebd80000, 0x0000000100000000)
  eden space 256000K, 0% used [0x00000000d5580000,0x00000000d5580000,0x00000000e4f80000)
  from space 19968K, 99% used [0x00000000e4f80000,0x00000000e62fe4d0,0x00000000e6300000)
  to   space 24064K, 0% used [0x00000000ea600000,0x00000000ea600000,0x00000000ebd80000)
 ParOldGen       total 83968K, used 41083K [0x0000000080000000, 0x0000000085200000, 0x00000000d5580000)
  object space 83968K, 48% used [0x0000000080000000,0x000000008281ee58,0x0000000085200000)
 Metaspace       used 62444K, capacity 65139K, committed 65240K, reserved 1105920K
  class space    used 8546K, capacity 9140K, committed 9216K, reserved 1048576K
}
Event: 46.563 GC heap before
{Heap before GC invocations=17 (full 3):
 PSYoungGen      total 275968K, used 275961K [0x00000000d5580000, 0x00000000ebd80000, 0x0000000100000000)
  eden space 256000K, 100% used [0x00000000d5580000,0x00000000e4f80000,0x00000000e4f80000)
  from space 19968K, 99% used [0x00000000e4f80000,0x00000000e62fe4d0,0x00000000e6300000)
  to   space 24064K, 0% used [0x00000000ea600000,0x00000000ea600000,0x00000000ebd80000)
 ParOldGen       total 83968K, used 41083K [0x0000000080000000, 0x0000000085200000, 0x00000000d5580000)
  object space 83968K, 48% used [0x0000000080000000,0x000000008281ee58,0x0000000085200000)
 Metaspace       used 68034K, capacity 70903K, committed 71000K, reserved 1110016K
  class space    used 9211K, capacity 9832K, committed 9856K, reserved 1048576K
Event: 46.714 GC heap after
Heap after GC invocations=17 (full 3):
 PSYoungGen      total 339456K, used 21666K [0x00000000d5580000, 0x00000000ebe80000, 0x0000000100000000)
  eden space 315392K, 0% used [0x00000000d5580000,0x00000000d5580000,0x00000000e8980000)
  from space 24064K, 90% used [0x00000000ea600000,0x00000000ebb28878,0x00000000ebd80000)
  to   space 27136K, 0% used [0x00000000e8980000,0x00000000e8980000,0x00000000ea400000)
 ParOldGen       total 83968K, used 60361K [0x0000000080000000, 0x0000000085200000, 0x00000000d5580000)
  object space 83968K, 71% used [0x0000000080000000,0x0000000083af2718,0x0000000085200000)
 Metaspace       used 68034K, capacity 70903K, committed 71000K, reserved 1110016K
  class space    used 9211K, capacity 9832K, committed 9856K, reserved 1048576K
}

