# JRE version: OpenJDK Runtime Environment (8.0_242-b01) (build 1.8.0_242-release-1644-b01)
# Java VM: OpenJDK 64-Bit Server VM (25.242-b01 mixed mode windows-amd64 compressed oops)
Heap:
 PSYoungGen      total 404992K, used 58484K [0x00000000d5580000, 0x00000000f5a80000, 0x0000000100000000)
  eden space 352768K, 1% used [0x00000000d5580000,0x00000000d5b9f1d8,0x00000000eae00000)
  from space 52224K, 99% used [0x00000000eae00000,0x00000000ee0fe0a8,0x00000000ee100000)
  to   space 65024K, 0% used [0x00000000f1b00000,0x00000000f1b00000,0x00000000f5a80000)
 ParOldGen       total 156160K, used 120315K [0x0000000080000000, 0x0000000089880000, 0x00000000d5580000)
  object space 156160K, 77% used [0x0000000080000000,0x000000008757ecd8,0x0000000089880000)
 Metaspace       used 110077K, capacity 115949K, committed 116264K, reserved 1150976K
  class space    used 14152K, capacity 15352K, committed 15408K, reserved 1048576K
GC Heap History (10 events):
Event: 53.141 GC heap before
{Heap before GC invocations=21 (full 4):
 PSYoungGen      total 313344K, used 278528K [0x00000000d5580000, 0x00000000eb580000, 0x0000000100000000)
  eden space 278528K, 100% used [0x00000000d5580000,0x00000000e6580000,0x00000000e6580000)
  from space 34816K, 0% used [0x00000000e8700000,0x00000000e8700000,0x00000000ea900000)
  to   space 34304K, 0% used [0x00000000e6580000,0x00000000e6580000,0x00000000e8700000)
 ParOldGen       total 156160K, used 71446K [0x0000000080000000, 0x0000000089880000, 0x00000000d5580000)
  object space 156160K, 45% used [0x0000000080000000,0x00000000845c5908,0x0000000089880000)
 Metaspace       used 76492K, capacity 79630K, committed 79784K, reserved 1118208K
  class space    used 10165K, capacity 10833K, committed 10928K, reserved 1048576K
Event: 53.221 GC heap after
Heap after GC invocations=21 (full 4):
 PSYoungGen      total 312832K, used 34284K [0x00000000d5580000, 0x00000000ede00000, 0x0000000100000000)
  eden space 278528K, 0% used [0x00000000d5580000,0x00000000d5580000,0x00000000e6580000)
  from space 34304K, 99% used [0x00000000e6580000,0x00000000e86fb200,0x00000000e8700000)
  to   space 41984K, 0% used [0x00000000eb500000,0x00000000eb500000,0x00000000ede00000)
 ParOldGen       total 156160K, used 76611K [0x0000000080000000, 0x0000000089880000, 0x00000000d5580000)
  object space 156160K, 49% used [0x0000000080000000,0x0000000084ad0fd0,0x0000000089880000)
 Metaspace       used 76492K, capacity 79630K, committed 79784K, reserved 1118208K
  class space    used 10165K, capacity 10833K, committed 10928K, reserved 1048576K
}
Event: 62.619 GC heap before
{Heap before GC invocations=22 (full 4):
 PSYoungGen      total 312832K, used 312812K [0x00000000d5580000, 0x00000000ede00000, 0x0000000100000000)
  eden space 278528K, 100% used [0x00000000d5580000,0x00000000e6580000,0x00000000e6580000)
  from space 34304K, 99% used [0x00000000e6580000,0x00000000e86fb200,0x00000000e8700000)
  to   space 41984K, 0% used [0x00000000eb500000,0x00000000eb500000,0x00000000ede00000)
 ParOldGen       total 156160K, used 76611K [0x0000000080000000, 0x0000000089880000, 0x00000000d5580000)
  object space 156160K, 49% used [0x0000000080000000,0x0000000084ad0fd0,0x0000000089880000)
 Metaspace       used 86418K, capacity 90582K, committed 90792K, reserved 1128448K
  class space    used 11490K, capacity 12373K, committed 12464K, reserved 1048576K
Event: 62.879 GC heap after
Heap after GC invocations=22 (full 4):
 PSYoungGen      total 357376K, used 30554K [0x00000000d5580000, 0x00000000ee480000, 0x0000000100000000)
  eden space 315392K, 0% used [0x00000000d5580000,0x00000000d5580000,0x00000000e8980000)
  from space 41984K, 72% used [0x00000000eb500000,0x00000000ed2d6860,0x00000000ede00000)
  to   space 44544K, 0% used [0x00000000e8980000,0x00000000e8980000,0x00000000eb500000)
 ParOldGen       total 156160K, used 109352K [0x0000000080000000, 0x0000000089880000, 0x00000000d5580000)
  object space 156160K, 70% used [0x0000000080000000,0x0000000086aca258,0x0000000089880000)
 Metaspace       used 86418K, capacity 90582K, committed 90792K, reserved 1128448K
  class space    used 11490K, capacity 12373K, committed 12464K, reserved 1048576K
}
Event: 73.348 GC heap before
{Heap before GC invocations=23 (full 4):
 PSYoungGen      total 357376K, used 345946K [0x00000000d5580000, 0x00000000ee480000, 0x0000000100000000)
  eden space 315392K, 100% used [0x00000000d5580000,0x00000000e8980000,0x00000000e8980000)
  from space 41984K, 72% used [0x00000000eb500000,0x00000000ed2d6860,0x00000000ede00000)
  to   space 44544K, 0% used [0x00000000e8980000,0x00000000e8980000,0x00000000eb500000)
 ParOldGen       total 156160K, used 109352K [0x0000000080000000, 0x0000000089880000, 0x00000000d5580000)
  object space 156160K, 70% used [0x0000000080000000,0x0000000086aca258,0x0000000089880000)
 Metaspace       used 95013K, capacity 100088K, committed 100264K, reserved 1136640K
  class space    used 12587K, capacity 13650K, committed 13744K, reserved 1048576K
Event: 73.537 GC heap after
Heap after GC invocations=23 (full 4):
 PSYoungGen      total 359936K, used 38039K [0x00000000d5580000, 0x00000000f1600000, 0x0000000100000000)
  eden space 315392K, 0% used [0x00000000d5580000,0x00000000d5580000,0x00000000e8980000)
  from space 44544K, 85% used [0x00000000e8980000,0x00000000eaea5c10,0x00000000eb500000)
  to   space 49664K, 0% used [0x00000000ee580000,0x00000000ee580000,0x00000000f1600000)
 ParOldGen       total 156160K, used 109368K [0x0000000080000000, 0x0000000089880000, 0x00000000d5580000)
  object space 156160K, 70% used [0x0000000080000000,0x0000000086ace258,0x0000000089880000)
 Metaspace       used 95013K, capacity 100088K, committed 100264K, reserved 1136640K
  class space    used 12587K, capacity 13650K, committed 13744K, reserved 1048576K
}
Event: 305.096 GC heap before
{Heap before GC invocations=24 (full 4):
 PSYoungGen      total 359936K, used 353415K [0x00000000d5580000, 0x00000000f1600000, 0x0000000100000000)
  eden space 315392K, 99% used [0x00000000d5580000,0x00000000e897c350,0x00000000e8980000)
  from space 44544K, 85% used [0x00000000e8980000,0x00000000eaea5c10,0x00000000eb500000)
  to   space 49664K, 0% used [0x00000000ee580000,0x00000000ee580000,0x00000000f1600000)
 ParOldGen       total 156160K, used 109368K [0x0000000080000000, 0x0000000089880000, 0x00000000d5580000)
  object space 156160K, 70% used [0x0000000080000000,0x0000000086ace258,0x0000000089880000)
 Metaspace       used 96597K, capacity 101716K, committed 101800K, reserved 1136640K
  class space    used 12665K, capacity 13710K, committed 13744K, reserved 1048576K
Event: 305.337 GC heap after
Heap after GC invocations=24 (full 4):
 PSYoungGen      total 400384K, used 34351K [0x00000000d5580000, 0x00000000f1400000, 0x0000000100000000)
  eden space 352768K, 0% used [0x00000000d5580000,0x00000000d5580000,0x00000000eae00000)
  from space 47616K, 72% used [0x00000000ee580000,0x00000000f070bf48,0x00000000f1400000)
  to   space 52224K, 0% used [0x00000000eae00000,0x00000000eae00000,0x00000000ee100000)
 ParOldGen       total 156160K, used 109376K [0x0000000080000000, 0x0000000089880000, 0x00000000d5580000)
  object space 156160K, 70% used [0x0000000080000000,0x0000000086ad0258,0x0000000089880000)
 Metaspace       used 96597K, capacity 101716K, committed 101800K, reserved 1136640K
  class space    used 12665K, capacity 13710K, committed 13744K, reserved 1048576K
}
Event: 315.345 GC heap before
{Heap before GC invocations=25 (full 4):
 PSYoungGen      total 400384K, used 387119K [0x00000000d5580000, 0x00000000f1400000, 0x0000000100000000)
  eden space 352768K, 100% used [0x00000000d5580000,0x00000000eae00000,0x00000000eae00000)
  from space 47616K, 72% used [0x00000000ee580000,0x00000000f070bf48,0x00000000f1400000)
  to   space 52224K, 0% used [0x00000000eae00000,0x00000000eae00000,0x00000000ee100000)
 ParOldGen       total 156160K, used 109376K [0x0000000080000000, 0x0000000089880000, 0x00000000d5580000)
  object space 156160K, 70% used [0x0000000080000000,0x0000000086ad0258,0x0000000089880000)
 Metaspace       used 110047K, capacity 115945K, committed 116264K, reserved 1150976K
  class space    used 14152K, capacity 15352K, committed 15408K, reserved 1048576K
Event: 315.632 GC heap after
Heap after GC invocations=25 (full 4):
 PSYoungGen      total 404992K, used 52216K [0x00000000d5580000, 0x00000000f5a80000, 0x0000000100000000)
  eden space 352768K, 0% used [0x00000000d5580000,0x00000000d5580000,0x00000000eae00000)
  from space 52224K, 99% used [0x00000000eae00000,0x00000000ee0fe0a8,0x00000000ee100000)
  to   space 65024K, 0% used [0x00000000f1b00000,0x00000000f1b00000,0x00000000f5a80000)
 ParOldGen       total 156160K, used 120315K [0x0000000080000000, 0x0000000089880000, 0x00000000d5580000)
  object space 156160K, 77% used [0x0000000080000000,0x000000008757ecd8,0x0000000089880000)
 Metaspace       used 110047K, capacity 115945K, committed 116264K, reserved 1150976K
  class space    used 14152K, capacity 15352K, committed 15408K, reserved 1048576K
}

